app/build/outputs/logs/manifest-merger-release-report.txt
-- Merging decision tree log ---
manifest
ADDED from src\main\AndroidManifest.xml:2:1-229:12
INJECTED from src\main\AndroidManifest.xml:2:1-229:12
INJECTED from src\main\AndroidManifest.xml:2:1-229:12
INJECTED from src\main\AndroidManifest.xml:2:1-229:12
MERGED from [io.realm:realm-android-library:4.1.0] AndroidManifest.xml:2:1-11:12
MERGED from [com.android.support.constraint:constraint-layout:1.1.3] AndroidManifest.xml:2:1-11:12
MERGED from [com.karumi:dexter:4.2.0] AndroidManifest.xml:17:1-32:12
MERGED from [com.google.android.ads.consent:consent-library:1.0.6] AndroidManifest.xml:2:1-9:12
MERGED from [com.github.rtoshiro.mflibrary:mflibrary:1.0.0] AndroidManifest.xml:2:1-17:12
MERGED from [com.android.support:design:27.1.1] AndroidManifest.xml:17:1-22:12
MERGED from [com.android.support:appcompat-v7:27.1.1] AndroidManifest.xml:17:1-22:12
MERGED from [com.android.support:animated-vector-drawable:27.1.1] AndroidManifest.xml:17:1-22:12
MERGED from [com.google.firebase:firebase-ads:16.0.1] AndroidManifest.xml:2:1-9:12
MERGED from [com.google.android.gms:play-services-ads:16.0.0] AndroidManifest.xml:17:1-25:12
MERGED from [com.android.support:customtabs:27.1.1] AndroidManifest.xml:17:1-22:12
MERGED from [com.android.support:multidex:1.0.3] AndroidManifest.xml:17:1-22:12
MERGED from [com.android.support:cardview-v7:27.1.1] AndroidManifest.xml:17:1-22:12
MERGED from [com.android.support:recyclerview-v7:27.1.1] AndroidManifest.xml:17:1-22:12
MERGED from [com.google.firebase:firebase-core:16.0.6] AndroidManifest.xml:2:1-9:12
MERGED from [com.google.firebase:firebase-messaging:17.3.3] AndroidManifest.xml:17:1-37:12
MERGED from [com.google.android.exoplayer:exoplayer:r2.5.4] AndroidManifest.xml:17:1-25:12
MERGED from [com.google.android.exoplayer:extension-rtmp:r2.5.4] AndroidManifest.xml:17:1-25:12
MERGED from [com.mikhaellopez:circularimageview:3.0.2] AndroidManifest.xml:2:1-15:12
MERGED from [com.balysv:material-ripple:1.0.2] AndroidManifest.xml:2:1-14:12
MERGED from [com.google.firebase:firebase-auth:16.0.4] AndroidManifest.xml:17:1-38:12
MERGED from [com.google.firebase:firebase-database:16.0.3] AndroidManifest.xml:15:1-25:12
MERGED from [com.google.firebase:firebase-storage:16.0.3] AndroidManifest.xml:15:1-26:12
MERGED from [com.google.android.gms:play-services-maps:16.0.0] AndroidManifest.xml:17:1-32:12
MERGED from [com.google.android.gms:play-services-location:16.0.0] AndroidManifest.xml:2:1-9:12
MERGED from [com.getkeepsafe.relinker:relinker:1.2.2] AndroidManifest.xml:2:1-9:12
MERGED from [com.android.support:support-vector-drawable:27.1.1] AndroidManifest.xml:17:1-22:12
MERGED from [com.google.firebase:firebase-measurement-connector-impl:17.0.4] AndroidManifest.xml:17:1-34:12
MERGED from [com.google.firebase:firebase-analytics:16.0.6] AndroidManifest.xml:17:1-55:12
MERGED from [com.google.android.gms:play-services-measurement-api:16.0.4] AndroidManifest.xml:17:1-25:12
MERGED from [com.google.firebase:firebase-analytics-impl:16.2.4] AndroidManifest.xml:17:1-40:12
MERGED from [com.google.firebase:firebase-iid:17.0.3] AndroidManifest.xml:17:1-59:12
MERGED from [com.google.firebase:firebase-auth-interop:16.0.1] AndroidManifest.xml:2:1-10:12
MERGED from [com.google.firebase:firebase-common:16.0.3] AndroidManifest.xml:2:1-17:12
MERGED from [com.google.android.gms:play-services-flags:16.0.1] AndroidManifest.xml:17:1-22:12
MERGED from [com.google.firebase:firebase-iid-interop:16.0.1] AndroidManifest.xml:2:1-10:12
MERGED from [com.google.android.gms:play-services-base:16.0.1] AndroidManifest.xml:17:1-29:12
MERGED from [com.google.android.gms:play-services-tasks:16.0.1] AndroidManifest.xml:2:1-9:12
MERGED from [com.google.firebase:firebase-measurement-connector:17.0.1] AndroidManifest.xml:17:1-25:12
MERGED from [com.google.firebase:firebase-database-collection:16.0.0] AndroidManifest.xml:2:1-8:12
MERGED from [com.google.android.gms:play-services-places-placereport:16.0.0] AndroidManifest.xml:17:1-24:12
MERGED from [com.google.android.gms:play-services-ads-identifier:16.0.0] AndroidManifest.xml:17:1-24:12
MERGED from [com.google.android.gms:play-services-ads-lite:16.0.0] AndroidManifest.xml:17:1-36:12
MERGED from [com.google.android.gms:play-services-gass:16.0.0] AndroidManifest.xml:2:1-9:12
MERGED from [com.google.android.gms:play-services-measurement-base:16.0.5] AndroidManifest.xml:2:1-9:12
MERGED from [com.google.android.gms:play-services-stats:16.0.1] AndroidManifest.xml:2:1-9:12
MERGED from [com.google.android.gms:play-services-basement:16.0.1] AndroidManifest.xml:17:1-28:12
MERGED from [com.android.support:support-v4:27.1.1] AndroidManifest.xml:17:1-22:12
MERGED from [com.android.support:support-fragment:27.1.1] AndroidManifest.xml:17:1-22:12
MERGED from [com.android.support:support-core-ui:27.1.1] AndroidManifest.xml:17:1-22:12
MERGED from [com.android.support:transition:27.1.1] AndroidManifest.xml:17:1-22:12
MERGED from [com.android.support:support-media-compat:27.1.1] AndroidManifest.xml:17:1-22:12
MERGED from [com.google.android.exoplayer:exoplayer-dash:r2.5.4] AndroidManifest.xml:17:1-25:12
MERGED from [com.android.support:support-core-utils:27.1.1] AndroidManifest.xml:17:1-22:12
MERGED from [com.android.support:support-compat:27.1.1] AndroidManifest.xml:17:1-22:12
MERGED from [com.google.android.exoplayer:exoplayer-hls:r2.5.4] AndroidManifest.xml:17:1-25:12
MERGED from [com.google.android.exoplayer:exoplayer-smoothstreaming:r2.5.4] AndroidManifest.xml:17:1-25:12
MERGED from [com.google.android.exoplayer:exoplayer-ui:r2.5.4] AndroidManifest.xml:17:1-25:12
MERGED from [com.google.android.exoplayer:exoplayer-core:r2.5.4] AndroidManifest.xml:17:1-25:12
MERGED from [android.arch.lifecycle:runtime:1.1.1] AndroidManifest.xml:17:1-22:12
MERGED from [android.arch.lifecycle:livedata-core:1.1.0] AndroidManifest.xml:17:1-22:12
MERGED from [android.arch.core:runtime:1.1.1] AndroidManifest.xml:17:1-22:12
MERGED from [net.butterflytv.utils:rtmp-client:3.0.0] AndroidManifest.xml:2:1-13:12
MERGED from [com.google.android.gms:play-services-ads-base:16.0.0] AndroidManifest.xml:17:1-24:12
MERGED from [android.arch.lifecycle:viewmodel:1.1.0] AndroidManifest.xml:17:1-22:12
INJECTED from src\main\AndroidManifest.xml:2:1-229:12
INJECTED from src\main\AndroidManifest.xml:2:1-229:12
INJECTED from src\main\AndroidManifest.xml:2:1-229:12
	package
		ADDED from src\main\AndroidManifest.xml:4:5-43
		INJECTED from src\main\AndroidManifest.xml
		INJECTED from src\main\AndroidManifest.xml
	android:versionName
		INJECTED from src\main\AndroidManifest.xml
		ADDED from src\main\AndroidManifest.xml:2:1-229:12
		INJECTED from src\main\AndroidManifest.xml
	xmlns:tools
		ADDED from src\main\AndroidManifest.xml:3:5-51
	android:versionCode
		INJECTED from src\main\AndroidManifest.xml
		ADDED from src\main\AndroidManifest.xml:2:1-229:12
		INJECTED from src\main\AndroidManifest.xml
	xmlns:android
		ADDED from src\main\AndroidManifest.xml:2:11-69
uses-permission#android.permission.ACCESS_COARSE_LOCATION
ADDED from src\main\AndroidManifest.xml:7:5-81
	android:name
		ADDED from src\main\AndroidManifest.xml:7:22-78
uses-permission#android.permission.ACCESS_FINE_LOCATION
ADDED from src\main\AndroidManifest.xml:8:5-79
	android:name
		ADDED from src\main\AndroidManifest.xml:8:22-76
uses-permission#android.permission.ACCESS_NETWORK_STATE
ADDED from src\main\AndroidManifest.xml:9:5-79
MERGED from [com.google.firebase:firebase-database:16.0.3] AndroidManifest.xml:22:5-79
MERGED from [com.google.firebase:firebase-database:16.0.3] AndroidManifest.xml:22:5-79
MERGED from [com.google.firebase:firebase-storage:16.0.3] AndroidManifest.xml:23:5-79
MERGED from [com.google.firebase:firebase-storage:16.0.3] AndroidManifest.xml:23:5-79
MERGED from [com.google.android.gms:play-services-maps:16.0.0] AndroidManifest.xml:23:5-79
MERGED from [com.google.android.gms:play-services-maps:16.0.0] AndroidManifest.xml:23:5-79
MERGED from [com.google.firebase:firebase-measurement-connector-impl:17.0.4] AndroidManifest.xml:23:5-79
MERGED from [com.google.firebase:firebase-measurement-connector-impl:17.0.4] AndroidManifest.xml:23:5-79
MERGED from [com.google.firebase:firebase-analytics:16.0.6] AndroidManifest.xml:24:5-79
MERGED from [com.google.firebase:firebase-analytics:16.0.6] AndroidManifest.xml:24:5-79
MERGED from [com.google.firebase:firebase-analytics-impl:16.2.4] AndroidManifest.xml:24:5-79
MERGED from [com.google.firebase:firebase-analytics-impl:16.2.4] AndroidManifest.xml:24:5-79
MERGED from [com.google.firebase:firebase-iid:17.0.3] AndroidManifest.xml:22:5-79
MERGED from [com.google.firebase:firebase-iid:17.0.3] AndroidManifest.xml:22:5-79
MERGED from [com.google.android.gms:play-services-ads-lite:16.0.0] AndroidManifest.xml:24:5-79
MERGED from [com.google.android.gms:play-services-ads-lite:16.0.0] AndroidManifest.xml:24:5-79
	android:name
		ADDED from src\main\AndroidManifest.xml:9:22-76
uses-permission#android.permission.INTERNET
ADDED from src\main\AndroidManifest.xml:10:5-67
MERGED from [com.google.firebase:firebase-database:16.0.3] AndroidManifest.xml:23:5-67
MERGED from [com.google.firebase:firebase-database:16.0.3] AndroidManifest.xml:23:5-67
MERGED from [com.google.firebase:firebase-storage:16.0.3] AndroidManifest.xml:24:5-67
MERGED from [com.google.firebase:firebase-storage:16.0.3] AndroidManifest.xml:24:5-67
MERGED from [com.google.android.gms:play-services-maps:16.0.0] AndroidManifest.xml:24:5-67
MERGED from [com.google.android.gms:play-services-maps:16.0.0] AndroidManifest.xml:24:5-67
MERGED from [com.google.firebase:firebase-measurement-connector-impl:17.0.4] AndroidManifest.xml:22:5-67
MERGED from [com.google.firebase:firebase-measurement-connector-impl:17.0.4] AndroidManifest.xml:22:5-67
MERGED from [com.google.firebase:firebase-analytics:16.0.6] AndroidManifest.xml:23:5-67
MERGED from [com.google.firebase:firebase-analytics:16.0.6] AndroidManifest.xml:23:5-67
MERGED from [com.google.firebase:firebase-analytics-impl:16.2.4] AndroidManifest.xml:23:5-67
MERGED from [com.google.firebase:firebase-analytics-impl:16.2.4] AndroidManifest.xml:23:5-67
MERGED from [com.google.firebase:firebase-iid:17.0.3] AndroidManifest.xml:23:5-67
MERGED from [com.google.firebase:firebase-iid:17.0.3] AndroidManifest.xml:23:5-67
MERGED from [com.google.android.gms:play-services-ads-lite:16.0.0] AndroidManifest.xml:23:5-67
MERGED from [com.google.android.gms:play-services-ads-lite:16.0.0] AndroidManifest.xml:23:5-67
MERGED from [net.butterflytv.utils:rtmp-client:3.0.0] AndroidManifest.xml:11:5-67
MERGED from [net.butterflytv.utils:rtmp-client:3.0.0] AndroidManifest.xml:11:5-67
	android:name
		ADDED from src\main\AndroidManifest.xml:10:22-64
uses-permission#android.permission.VIBRATE
ADDED from src\main\AndroidManifest.xml:11:5-66
	android:name
		ADDED from src\main\AndroidManifest.xml:11:22-63
uses-permission#android.permission.GET_ACCOUNTS
ADDED from src\main\AndroidManifest.xml:12:5-71
	android:name
		ADDED from src\main\AndroidManifest.xml:12:22-68
uses-permission#android.permission.READ_PROFILE
ADDED from src\main\AndroidManifest.xml:13:5-71
	android:name
		ADDED from src\main\AndroidManifest.xml:13:22-68
uses-permission#android.permission.READ_CONTACTS
ADDED from src\main\AndroidManifest.xml:14:5-72
	android:name
		ADDED from src\main\AndroidManifest.xml:14:22-69
uses-permission#android.permission.RECORD_AUDIO
ADDED from src\main\AndroidManifest.xml:15:5-71
	android:name
		ADDED from src\main\AndroidManifest.xml:15:22-68
uses-permission#android.permission.READ_EXTERNAL_STORAGE
ADDED from src\main\AndroidManifest.xml:16:5-80
	android:name
		ADDED from src\main\AndroidManifest.xml:16:22-77
uses-permission#android.permission.WRITE_EXTERNAL_STORAGE
ADDED from src\main\AndroidManifest.xml:17:5-81
	android:name
		ADDED from src\main\AndroidManifest.xml:17:22-78
uses-permission#android.permission.SEND_SMS
ADDED from src\main\AndroidManifest.xml:18:5-67
	android:name
		ADDED from src\main\AndroidManifest.xml:18:22-64
uses-permission#android.permission.CALL_PHONE
ADDED from src\main\AndroidManifest.xml:19:5-69
	android:name
		ADDED from src\main\AndroidManifest.xml:19:22-66
uses-permission#android.permission.CAMERA
ADDED from src\main\AndroidManifest.xml:20:5-65
	android:name
		ADDED from src\main\AndroidManifest.xml:20:22-62
uses-feature#android.hardware.camera
ADDED from src\main\AndroidManifest.xml:22:5-24:36
	android:required
		ADDED from src\main\AndroidManifest.xml:24:9-33
	android:name
		ADDED from src\main\AndroidManifest.xml:23:9-47
compatible-screens
ADDED from src\main\AndroidManifest.xml:26:5-33:26
screen#small+hdpi
ADDED from src\main\AndroidManifest.xml:27:9-74
	android:screenDensity
		ADDED from src\main\AndroidManifest.xml:27:17-45
	android:screenSize
		ADDED from src\main\AndroidManifest.xml:27:46-72
screen#small+xhdpi
ADDED from src\main\AndroidManifest.xml:28:9-75
	android:screenDensity
		ADDED from src\main\AndroidManifest.xml:28:17-46
	android:screenSize
		ADDED from src\main\AndroidManifest.xml:28:47-73
screen#normal+hdpi
ADDED from src\main\AndroidManifest.xml:30:9-75
	android:screenDensity
		ADDED from src\main\AndroidManifest.xml:30:17-45
	android:screenSize
		ADDED from src\main\AndroidManifest.xml:30:46-73
screen#normal+xhdpi
ADDED from src\main\AndroidManifest.xml:31:9-76
	android:screenDensity
		ADDED from src\main\AndroidManifest.xml:31:17-46
	android:screenSize
		ADDED from src\main\AndroidManifest.xml:31:47-74
screen#normal+480
ADDED from src\main\AndroidManifest.xml:32:9-74
	android:screenDensity
		ADDED from src\main\AndroidManifest.xml:32:17-44
	android:screenSize
		ADDED from src\main\AndroidManifest.xml:32:45-72
application
ADDED from src\main\AndroidManifest.xml:35:5-227:19
MERGED from [com.android.support.constraint:constraint-layout:1.1.3] AndroidManifest.xml:9:5-20
MERGED from [com.android.support.constraint:constraint-layout:1.1.3] AndroidManifest.xml:9:5-20
MERGED from [com.karumi:dexter:4.2.0] AndroidManifest.xml:26:5-30:19
MERGED from [com.karumi:dexter:4.2.0] AndroidManifest.xml:26:5-30:19
MERGED from [com.github.rtoshiro.mflibrary:mflibrary:1.0.0] AndroidManifest.xml:11:5-15:19
MERGED from [com.github.rtoshiro.mflibrary:mflibrary:1.0.0] AndroidManifest.xml:11:5-15:19
MERGED from [com.google.firebase:firebase-ads:16.0.1] AndroidManifest.xml:7:5-20
MERGED from [com.google.firebase:firebase-ads:16.0.1] AndroidManifest.xml:7:5-20
MERGED from [com.google.firebase:firebase-core:16.0.6] AndroidManifest.xml:7:5-20
MERGED from [com.google.firebase:firebase-core:16.0.6] AndroidManifest.xml:7:5-20
MERGED from [com.google.firebase:firebase-messaging:17.3.3] AndroidManifest.xml:22:5-35:19
MERGED from [com.google.firebase:firebase-messaging:17.3.3] AndroidManifest.xml:22:5-35:19
MERGED from [com.mikhaellopez:circularimageview:3.0.2] AndroidManifest.xml:11:5-13:38
MERGED from [com.mikhaellopez:circularimageview:3.0.2] AndroidManifest.xml:11:5-13:38
MERGED from [com.balysv:material-ripple:1.0.2] AndroidManifest.xml:12:5-20
MERGED from [com.balysv:material-ripple:1.0.2] AndroidManifest.xml:12:5-20
MERGED from [com.google.firebase:firebase-auth:16.0.4] AndroidManifest.xml:22:5-36:19
MERGED from [com.google.firebase:firebase-auth:16.0.4] AndroidManifest.xml:22:5-36:19
MERGED from [com.google.android.gms:play-services-maps:16.0.0] AndroidManifest.xml:30:5-20
MERGED from [com.google.android.gms:play-services-maps:16.0.0] AndroidManifest.xml:30:5-20
MERGED from [com.google.android.gms:play-services-location:16.0.0] AndroidManifest.xml:7:5-20
MERGED from [com.google.android.gms:play-services-location:16.0.0] AndroidManifest.xml:7:5-20
MERGED from [com.google.firebase:firebase-measurement-connector-impl:17.0.4] AndroidManifest.xml:26:5-32:19
MERGED from [com.google.firebase:firebase-measurement-connector-impl:17.0.4] AndroidManifest.xml:26:5-32:19
MERGED from [com.google.firebase:firebase-analytics:16.0.6] AndroidManifest.xml:28:5-53:19
MERGED from [com.google.firebase:firebase-analytics:16.0.6] AndroidManifest.xml:28:5-53:19
MERGED from [com.google.android.gms:play-services-measurement-api:16.0.4] AndroidManifest.xml:22:5-23:19
MERGED from [com.google.android.gms:play-services-measurement-api:16.0.4] AndroidManifest.xml:22:5-23:19
MERGED from [com.google.firebase:firebase-analytics-impl:16.2.4] AndroidManifest.xml:28:5-38:19
MERGED from [com.google.firebase:firebase-analytics-impl:16.2.4] AndroidManifest.xml:28:5-38:19
MERGED from [com.google.firebase:firebase-iid:17.0.3] AndroidManifest.xml:28:5-57:19
MERGED from [com.google.firebase:firebase-iid:17.0.3] AndroidManifest.xml:28:5-57:19
MERGED from [com.google.firebase:firebase-auth-interop:16.0.1] AndroidManifest.xml:7:5-8:19
MERGED from [com.google.firebase:firebase-auth-interop:16.0.1] AndroidManifest.xml:7:5-8:19
MERGED from [com.google.firebase:firebase-common:16.0.3] AndroidManifest.xml:9:5-15:19
MERGED from [com.google.firebase:firebase-common:16.0.3] AndroidManifest.xml:9:5-15:19
MERGED from [com.google.firebase:firebase-iid-interop:16.0.1] AndroidManifest.xml:7:5-8:19
MERGED from [com.google.firebase:firebase-iid-interop:16.0.1] AndroidManifest.xml:7:5-8:19
MERGED from [com.google.android.gms:play-services-base:16.0.1] AndroidManifest.xml:22:5-27:19
MERGED from [com.google.android.gms:play-services-base:16.0.1] AndroidManifest.xml:22:5-27:19
MERGED from [com.google.android.gms:play-services-tasks:16.0.1] AndroidManifest.xml:7:5-20
MERGED from [com.google.android.gms:play-services-tasks:16.0.1] AndroidManifest.xml:7:5-20
MERGED from [com.google.firebase:firebase-measurement-connector:17.0.1] AndroidManifest.xml:22:5-23:19
MERGED from [com.google.firebase:firebase-measurement-connector:17.0.1] AndroidManifest.xml:22:5-23:19
MERGED from [com.google.android.gms:play-services-places-placereport:16.0.0] AndroidManifest.xml:22:5-20
MERGED from [com.google.android.gms:play-services-places-placereport:16.0.0] AndroidManifest.xml:22:5-20
MERGED from [com.google.android.gms:play-services-ads-identifier:16.0.0] AndroidManifest.xml:22:5-20
MERGED from [com.google.android.gms:play-services-ads-identifier:16.0.0] AndroidManifest.xml:22:5-20
MERGED from [com.google.android.gms:play-services-ads-lite:16.0.0] AndroidManifest.xml:26:5-34:19
MERGED from [com.google.android.gms:play-services-ads-lite:16.0.0] AndroidManifest.xml:26:5-34:19
MERGED from [com.google.android.gms:play-services-gass:16.0.0] AndroidManifest.xml:7:5-20
MERGED from [com.google.android.gms:play-services-gass:16.0.0] AndroidManifest.xml:7:5-20
MERGED from [com.google.android.gms:play-services-measurement-base:16.0.5] AndroidManifest.xml:7:5-20
MERGED from [com.google.android.gms:play-services-measurement-base:16.0.5] AndroidManifest.xml:7:5-20
MERGED from [com.google.android.gms:play-services-stats:16.0.1] AndroidManifest.xml:7:5-20
MERGED from [com.google.android.gms:play-services-stats:16.0.1] AndroidManifest.xml:7:5-20
MERGED from [com.google.android.gms:play-services-basement:16.0.1] AndroidManifest.xml:22:5-26:19
MERGED from [com.google.android.gms:play-services-basement:16.0.1] AndroidManifest.xml:22:5-26:19
MERGED from [com.google.android.gms:play-services-ads-base:16.0.0] AndroidManifest.xml:22:5-20
MERGED from [com.google.android.gms:play-services-ads-base:16.0.0] AndroidManifest.xml:22:5-20
	android:supportsRtl
		ADDED from src\main\AndroidManifest.xml:40:9-35
	android:label
		ADDED from src\main\AndroidManifest.xml:39:9-41
	tools:ignore
		ADDED from src\main\AndroidManifest.xml:42:9-48
	android:icon
		ADDED from src\main\AndroidManifest.xml:38:9-52
	android:allowBackup
		ADDED from src\main\AndroidManifest.xml:37:9-35
	android:theme
		ADDED from src\main\AndroidManifest.xml:41:9-40
	android:name
		ADDED from src\main\AndroidManifest.xml:36:9-47
meta-data#com.google.android.gms.version
ADDED from src\main\AndroidManifest.xml:43:9-45:69
MERGED from [com.google.android.gms:play-services-basement:16.0.1] AndroidManifest.xml:23:9-25:69
MERGED from [com.google.android.gms:play-services-basement:16.0.1] AndroidManifest.xml:23:9-25:69
	android:value
		ADDED from src\main\AndroidManifest.xml:45:13-66
	android:name
		ADDED from src\main\AndroidManifest.xml:44:13-58
meta-data#com.google.android.geo.API_KEY
ADDED from src\main\AndroidManifest.xml:46:9-48:55
	android:value
		ADDED from src\main\AndroidManifest.xml:48:13-52
	android:name
		ADDED from src\main\AndroidManifest.xml:47:13-58
activity#com.nevesti.www.bairroseguro.activity.ActivitySplash
ADDED from src\main\AndroidManifest.xml:50:9-58:20
	android:configChanges
		ADDED from src\main\AndroidManifest.xml:52:13-74
	android:name
		ADDED from src\main\AndroidManifest.xml:51:13-52
intent-filter#action:name:android.intent.action.MAIN+category:name:android.intent.category.LAUNCHER
ADDED from src\main\AndroidManifest.xml:53:13-57:29
action#android.intent.action.MAIN
ADDED from src\main\AndroidManifest.xml:54:17-69
	android:name
		ADDED from src\main\AndroidManifest.xml:54:25-66
category#android.intent.category.LAUNCHER
ADDED from src\main\AndroidManifest.xml:56:17-77
	android:name
		ADDED from src\main\AndroidManifest.xml:56:27-74
activity#com.nevesti.www.bairroseguro.activity.LoginActivity
ADDED from src\main\AndroidManifest.xml:60:9-62:77
	android:configChanges
		ADDED from src\main\AndroidManifest.xml:62:13-74
	android:name
		ADDED from src\main\AndroidManifest.xml:61:13-51
activity#com.nevesti.www.bairroseguro.activity.NavigationActivity
ADDED from src\main\AndroidManifest.xml:64:9-71:20
	android:configChanges
		ADDED from src\main\AndroidManifest.xml:66:13-74
	android:name
		ADDED from src\main\AndroidManifest.xml:65:13-56
intent-filter#action:name:android.intent.action.MAIN+category:name:android.intent.category.DEFAULT
ADDED from src\main\AndroidManifest.xml:67:13-70:29
category#android.intent.category.DEFAULT
ADDED from src\main\AndroidManifest.xml:69:17-76
	android:name
		ADDED from src\main\AndroidManifest.xml:69:27-73
activity#com.nevesti.www.bairroseguro.activity.DashboardActivity
ADDED from src\main\AndroidManifest.xml:73:9-80:20
	android:configChanges
		ADDED from src\main\AndroidManifest.xml:75:13-74
	android:name
		ADDED from src\main\AndroidManifest.xml:74:13-55
activity#com.nevesti.www.bairroseguro.activity.ConversaActivity
ADDED from src\main\AndroidManifest.xml:81:9-87:20
	android:parentActivityName
		ADDED from src\main\AndroidManifest.xml:83:13-64
	android:name
		ADDED from src\main\AndroidManifest.xml:82:13-54
meta-data#android.support.PARENT_ACTIVITY
ADDED from src\main\AndroidManifest.xml:84:13-86:86
	android:value
		ADDED from src\main\AndroidManifest.xml:86:17-83
	android:name
		ADDED from src\main\AndroidManifest.xml:85:17-63
activity#com.nevesti.www.bairroseguro.activity.MainActivity
ADDED from src\main\AndroidManifest.xml:88:9-94:20
	android:parentActivityName
		ADDED from src\main\AndroidManifest.xml:90:13-69
	android:name
		ADDED from src\main\AndroidManifest.xml:89:13-50
activity#com.nevesti.www.bairroseguro.activity.TelefonesActivity
ADDED from src\main\AndroidManifest.xml:95:9-101:20
	android:parentActivityName
		ADDED from src\main\AndroidManifest.xml:97:13-69
	android:name
		ADDED from src\main\AndroidManifest.xml:96:13-55
activity#com.nevesti.www.bairroseguro.activity.LocalizacaoActivity
ADDED from src\main\AndroidManifest.xml:102:9-108:20
	android:parentActivityName
		ADDED from src\main\AndroidManifest.xml:104:13-69
	android:name
		ADDED from src\main\AndroidManifest.xml:103:13-57
activity#com.nevesti.www.bairroseguro.activity.EmergenciaActivity
ADDED from src\main\AndroidManifest.xml:109:9-115:20
	android:parentActivityName
		ADDED from src\main\AndroidManifest.xml:111:13-69
	android:name
		ADDED from src\main\AndroidManifest.xml:110:13-56
activity#com.nevesti.www.bairroseguro.activity.DenunciasActivity
ADDED from src\main\AndroidManifest.xml:116:9-122:20
	android:parentActivityName
		ADDED from src\main\AndroidManifest.xml:118:13-69
	android:name
		ADDED from src\main\AndroidManifest.xml:117:13-55
activity#com.nevesti.www.bairroseguro.activity.EnviaDenunciaActivity
ADDED from src\main\AndroidManifest.xml:123:9-129:20
	android:parentActivityName
		ADDED from src\main\AndroidManifest.xml:125:13-69
	android:name
		ADDED from src\main\AndroidManifest.xml:124:13-59
activity#com.nevesti.www.bairroseguro.activity.PesquisaLocalActivity
ADDED from src\main\AndroidManifest.xml:130:9-136:20
	android:parentActivityName
		ADDED from src\main\AndroidManifest.xml:132:13-73
	android:name
		ADDED from src\main\AndroidManifest.xml:131:13-59
activity#com.nevesti.www.bairroseguro.activity.CadastroUsuarioActivity
ADDED from src\main\AndroidManifest.xml:137:9-70
	android:name
		ADDED from src\main\AndroidManifest.xml:137:19-67
activity#com.nevesti.www.bairroseguro.activity.NoticiasActivity
ADDED from src\main\AndroidManifest.xml:141:9-143:72
	android:parentActivityName
		ADDED from src\main\AndroidManifest.xml:143:13-69
	android:name
		ADDED from src\main\AndroidManifest.xml:142:13-54
activity#com.nevesti.www.bairroseguro.activity.ActivityUserLogin
ADDED from src\main\AndroidManifest.xml:144:9-148:57
	android:screenOrientation
		ADDED from src\main\AndroidManifest.xml:147:13-49
	android:windowSoftInputMode
		ADDED from src\main\AndroidManifest.xml:148:13-54
	android:configChanges
		ADDED from src\main\AndroidManifest.xml:146:13-74
	android:name
		ADDED from src\main\AndroidManifest.xml:145:13-55
activity#com.nevesti.www.bairroseguro.activity.ActivityUserRegister
ADDED from src\main\AndroidManifest.xml:149:9-153:57
	android:screenOrientation
		ADDED from src\main\AndroidManifest.xml:152:13-49
	android:windowSoftInputMode
		ADDED from src\main\AndroidManifest.xml:153:13-54
	android:configChanges
		ADDED from src\main\AndroidManifest.xml:151:13-74
	android:name
		ADDED from src\main\AndroidManifest.xml:150:13-58
activity#com.nevesti.www.bairroseguro.activity.ActivityProfile
ADDED from src\main\AndroidManifest.xml:154:9-157:57
	android:windowSoftInputMode
		ADDED from src\main\AndroidManifest.xml:157:13-54
	android:configChanges
		ADDED from src\main\AndroidManifest.xml:156:13-74
	android:name
		ADDED from src\main\AndroidManifest.xml:155:13-53
activity#com.nevesti.www.bairroseguro.activity.ActivityForgotPassword
ADDED from src\main\AndroidManifest.xml:158:9-161:52
	android:screenOrientation
		ADDED from src\main\AndroidManifest.xml:161:13-49
	android:configChanges
		ADDED from src\main\AndroidManifest.xml:160:13-74
	android:name
		ADDED from src\main\AndroidManifest.xml:159:13-60
activity#com.nevesti.www.bairroseguro.activity.ActivityFullScreenImage
ADDED from src\main\AndroidManifest.xml:162:9-164:77
	android:configChanges
		ADDED from src\main\AndroidManifest.xml:164:13-74
	android:name
		ADDED from src\main\AndroidManifest.xml:163:13-61
activity#com.nevesti.www.bairroseguro.activity.ActivityComments
ADDED from src\main\AndroidManifest.xml:165:9-167:77
	android:configChanges
		ADDED from src\main\AndroidManifest.xml:167:13-74
	android:name
		ADDED from src\main\AndroidManifest.xml:166:13-54
activity#com.nevesti.www.bairroseguro.activity.ActivitySendComment
ADDED from src\main\AndroidManifest.xml:168:9-170:77
	android:configChanges
		ADDED from src\main\AndroidManifest.xml:170:13-74
	android:name
		ADDED from src\main\AndroidManifest.xml:169:13-57
activity#com.nevesti.www.bairroseguro.activity.ActivityUpdateComment
ADDED from src\main\AndroidManifest.xml:171:9-173:77
	android:configChanges
		ADDED from src\main\AndroidManifest.xml:173:13-74
	android:name
		ADDED from src\main\AndroidManifest.xml:172:13-59
activity#com.nevesti.www.bairroseguro.activity.ActivityReplyComment
ADDED from src\main\AndroidManifest.xml:174:9-176:77
	android:configChanges
		ADDED from src\main\AndroidManifest.xml:176:13-74
	android:name
		ADDED from src\main\AndroidManifest.xml:175:13-58
activity#com.nevesti.www.bairroseguro.activity.ActivityNewsDetail
ADDED from src\main\AndroidManifest.xml:177:9-179:77
	android:configChanges
		ADDED from src\main\AndroidManifest.xml:179:13-74
	android:name
		ADDED from src\main\AndroidManifest.xml:178:13-56
activity#com.nevesti.www.bairroseguro.activity.ActivityCategoryDetails
ADDED from src\main\AndroidManifest.xml:180:9-182:77
	android:configChanges
		ADDED from src\main\AndroidManifest.xml:182:13-74
	android:name
		ADDED from src\main\AndroidManifest.xml:181:13-61
activity#com.nevesti.www.bairroseguro.activity.ActivityPrivacyPolicy
ADDED from src\main\AndroidManifest.xml:183:9-185:77
	android:configChanges
		ADDED from src\main\AndroidManifest.xml:185:13-74
	android:name
		ADDED from src\main\AndroidManifest.xml:184:13-59
activity#com.nevesti.www.bairroseguro.activity.ActivityYoutubePlayer
ADDED from src\main\AndroidManifest.xml:186:9-188:77
	android:configChanges
		ADDED from src\main\AndroidManifest.xml:188:13-74
	android:name
		ADDED from src\main\AndroidManifest.xml:187:13-59
activity#com.nevesti.www.bairroseguro.activity.ActivityVideoPlayer
ADDED from src\main\AndroidManifest.xml:189:9-191:77
	android:configChanges
		ADDED from src\main\AndroidManifest.xml:191:13-74
	android:name
		ADDED from src\main\AndroidManifest.xml:190:13-57
activity#com.nevesti.www.bairroseguro.activity.ActivityWebView
ADDED from src\main\AndroidManifest.xml:192:9-194:77
	android:configChanges
		ADDED from src\main\AndroidManifest.xml:194:13-74
	android:name
		ADDED from src\main\AndroidManifest.xml:193:13-53
activity#com.nevesti.www.bairroseguro.activity.ActivityWebViewImage
ADDED from src\main\AndroidManifest.xml:195:9-197:77
	android:configChanges
		ADDED from src\main\AndroidManifest.xml:197:13-74
	android:name
		ADDED from src\main\AndroidManifest.xml:196:13-58
activity#com.nevesti.www.bairroseguro.activity.ActivityNotificationDetail
ADDED from src\main\AndroidManifest.xml:198:9-200:77
	android:configChanges
		ADDED from src\main\AndroidManifest.xml:200:13-74
	android:name
		ADDED from src\main\AndroidManifest.xml:199:13-64
activity#com.nevesti.www.bairroseguro.activity.ActivitySearch
ADDED from src\main\AndroidManifest.xml:201:9-204:58
	android:windowSoftInputMode